[2026-04-07 17:26:31] [INFO] Инициализация модели. Веса: yolov8n.pt, устройство: cpu
[2026-04-07 17:26:31] [WARNING] Файл весов 'yolov8n.pt' не найден. Загружаем базовую YOLOv8n...
[2026-04-07 17:26:34] [INFO] Модель успешно загружена.
[2026-04-07 17:26:34] [DEBUG] Обработка кадра размером 640x480
[2026-04-07 17:26:34] [DEBUG] Обнаружено объектов: 0
[2026-04-07 17:26:34] [INFO] Инициализация модели. Веса: yolov8n.pt, устройство: cpu
[2026-04-07 17:26:34] [INFO] Загружаем веса из файла: yolov8n.pt
[2026-04-07 17:26:34] [INFO] Модель успешно загружена.
[2026-04-07 17:26:34] [DEBUG] Обработка кадра размером 640x480
[2026-04-07 17:26:34] [DEBUG] Обнаружено объектов: 0
[2026-04-07 17:26:34] [INFO] Инициализация модели. Веса: yolov8n.pt, устройство: cpu
[2026-04-07 17:26:34] [INFO] Загружаем веса из файла: yolov8n.pt
[2026-04-07 17:26:34] [INFO] Модель успешно загружена.
[2026-04-07 17:26:34] [DEBUG] Обработка кадра размером 640x480
[2026-04-07 17:26:34] [DEBUG] Обнаружено объектов: 0
[2026-04-07 17:26:34] [INFO] Инициализация модели. Веса: yolov8n.pt, устройство: cpu
[2026-04-07 17:26:34] [INFO] Загружаем веса из файла: yolov8n.pt
[2026-04-07 17:26:34] [INFO] Модель успешно загружена.
[2026-04-07 17:26:34] [DEBUG] Обработка кадра размером 640x480
[2026-04-07 17:26:34] [DEBUG] Обнаружено объектов: 0
[2026-04-07 17:26:34] [INFO] Инициализация модели. Веса: yolov8n.pt, устройство: cpu
[2026-04-07 17:26:34] [INFO] Загружаем веса из файла: yolov8n.pt
[2026-04-07 17:26:34] [INFO] Модель успешно загружена.
[2026-04-07 17:26:34] [ERROR] detect_plates: frame должен быть np.ndarray
[2026-04-07 17:26:34] [INFO] Инициализация модели. Веса: yolov8n.pt, устройство: cpu
[2026-04-07 17:26:34] [INFO] Загружаем веса из файла: yolov8n.pt
[2026-04-07 17:26:34] [INFO] Модель успешно загружена.
[2026-04-07 17:26:34] [ERROR] detect_plates: неверная форма frame: (480, 640)
[2026-04-07 17:26:34] [INFO] Инициализация модели. Веса: yolov8n.pt, устройство: cpu
[2026-04-07 17:26:34] [INFO] Загружаем веса из файла: yolov8n.pt
[2026-04-07 17:26:34] [INFO] Модель успешно загружена.
[2026-04-07 17:26:34] [DEBUG] Обработка кадра размером 640x640
[2026-04-07 17:26:34] [DEBUG] Обнаружено объектов: 0
[2026-04-07 17:26:34] [INFO] Инициализация модели. Веса: yolov8n.pt, устройство: cpu
[2026-04-07 17:26:34] [INFO] Загружаем веса из файла: yolov8n.pt
[2026-04-07 17:26:34] [INFO] Модель успешно загружена.
[2026-04-07 17:26:34] [INFO] Инициализация модели. Веса: yolov8n.pt, устройство: cpu
[2026-04-07 17:26:34] [INFO] Загружаем веса из файла: yolov8n.pt
[2026-04-07 17:26:34] [INFO] Модель успешно загружена.
[2026-04-07 17:26:34] [DEBUG] Обработка кадра размером 640x480
[2026-04-07 17:26:34] [DEBUG] Обнаружено объектов: 0
[2026-04-07 23:16:36] [INFO] ============================================================
[2026-04-07 23:16:36] [INFO] Запуск License Plate Detector
[2026-04-07 23:16:36] [INFO] ============================================================
[2026-04-07 23:16:36] [INFO] Режим работы: VIDEO
[2026-04-07 23:16:36] [INFO] Веса модели: runs/detect/train/weights/best.pt
[2026-04-07 23:16:36] [INFO] Порог уверенности: 0.4
[2026-04-07 23:16:36] [INFO] Устройство: cpu
[2026-04-07 23:16:36] [INFO] Инициализация модели. Веса: runs/detect/train/weights/best.pt, устройство: cpu
[2026-04-07 23:16:36] [WARNING] Файл весов 'runs/detect/train/weights/best.pt' не найден. Загружаем базовую YOLOv8n...
[2026-04-07 23:16:36] [INFO] Модель успешно загружена.
[2026-04-07 23:16:36] [INFO] Открываем видеофайл: video.mov
[2026-04-07 23:16:36] [INFO] Параметры видео: 1920x1080, 29 FPS, 1252 кадров
[2026-04-07 23:16:36] [INFO] Начинаем обработку видео...
[2026-04-07 23:16:36] [DEBUG] Обработка кадра размером 1920x1080
[2026-04-07 23:16:36] [DEBUG] Обнаружено объектов: 4
[2026-04-07 23:16:37] [DEBUG] Обработка кадра размером 1920x1080
[2026-04-07 23:16:37] [DEBUG] Обнаружено объектов: 4
[2026-04-07 23:16:37] [DEBUG] Обработка кадра размером 1920x1080
[2026-04-07 23:16:37] [DEBUG] Обнаружено объектов: 4
[2026-04-07 23:16:37] [DEBUG] Обработка кадра размером 1920x1080
[2026-04-07 23:16:37] [DEBUG] Обнаружено объектов: 4
[2026-04-07 23:16:37] [DEBUG] Обработка кадра размером 1920x1080
[2026-04-07 23:16:37] [DEBUG] Обнаружено объектов: 4
[2026-04-07 23:16:37] [DEBUG] Обработка кадра размером 1920x1080
[2026-04-07 23:16:37] [DEBUG] Обнаружено объектов: 4
[2026-04-07 23:16:37] [DEBUG] Обработка кадра размером 1920x1080
[2026-04-07 23:16:37] [DEBUG] Обнаружено объектов: 4
[2026-04-07 23:16:37] [DEBUG] Обработка кадра размером 1920x1080
[2026-04-07 23:16:37] [DEBUG] Обнаружено объектов: 5
[2026-04-07 23:16:37] [DEBUG] Обработка кадра размером 1920x1080
[2026-04-07 23:16:37] [DEBUG] Обнаружено объектов: 5
[2026-04-07 23:16:37] [DEBUG] Обработка кадра размером 1920x1080
[2026-04-07 23:16:37] [DEBUG] Обнаружено объектов: 5
[2026-04-07 23:16:37] [DEBUG] Обработка кадра размером 1920x1080
[2026-04-07 23:16:38] [DEBUG] Обнаружено объектов: 5
[2026-04-07 23:16:38] [DEBUG] Обработка кадра размером 1920x1080
[2026-04-07 23:16:38] [DEBUG] Обнаружено объектов: 5
[2026-04-07 23:16:38] [DEBUG] Обработка кадра размером 1920x1080
[2026-04-07 23:16:38] [DEBUG] Обнаружено объектов: 4
[2026-04-07 23:16:38] [DEBUG] Обработка кадра размером 1920x1080
[2026-04-07 23:16:38] [DEBUG] Обнаружено объектов: 4
[2026-04-07 23:16:38] [DEBUG] Обработка кадра размером 1920x1080
[2026-04-07 23:16:38] [DEBUG] Обнаружено объектов: 4
[2026-04-07 23:16:38] [DEBUG] Обработка кадра размером 1920x1080
[2026-04-07 23:16:38] [DEBUG] Обнаружено объектов: 4
[2026-04-07 23:16:38] [DEBUG] Обработка кадра размером 1920x1080
[2026-04-07 23:16:38] [DEBUG] Обнаружено объектов: 4
[2026-04-07 23:16:38] [DEBUG] Обработка кадра размером 1920x1080
[2026-04-07 23:16:38] [DEBUG] Обнаружено объектов: 4
[2026-04-07 23:16:38] [DEBUG] Обработка кадра размером 1920x1080
[2026-04-07 23:16:38] [DEBUG] Обнаружено объектов: 4
[2026-04-07 23:16:38] [DEBUG] Обработка кадра размером 1920x1080
[2026-04-07 23:16:38] [DEBUG] Обнаружено объектов: 4
[2026-04-07 23:16:38] [DEBUG] Обработка кадра размером 1920x1080
[2026-04-07 23:16:38] [DEBUG] Обнаружено объектов: 4
[2026-04-07 23:16:38] [DEBUG] Обработка кадра размером 1920x1080
[2026-04-07 23:16:38] [DEBUG] Обнаружено объектов: 5
[2026-04-07 23:16:38] [DEBUG] Обработка кадра размером 1920x1080
[2026-04-07 23:16:38] [DEBUG] Обнаружено объектов: 5
[2026-04-07 23:16:39] [DEBUG] Обработка кадра размером 1920x1080
[2026-04-07 23:16:39] [DEBUG] Обнаружено объектов: 5
[2026-04-07 23:16:39] [DEBUG] Обработка кадра размером 1920x1080
[2026-04-07 23:16:39] [DEBUG] Обнаружено объектов: 5
[2026-04-07 23:16:39] [DEBUG] Обработка кадра размером 1920x1080
[2026-04-07 23:16:39] [DEBUG] Обнаружено объектов: 5
[2026-04-07 23:16:39] [DEBUG] Обработка кадра размером 1920x1080
[2026-04-07 23:16:39] [DEBUG] Обнаружено объектов: 5
[2026-04-07 23:16:39] [DEBUG] Обработка кадра размером 1920x1080
[2026-04-07 23:16:39] [DEBUG] Обнаружено объектов: 5
[2026-04-07 23:16:39] [DEBUG] Обработка кадра размером 1920x1080
[2026-04-07 23:16:39] [DEBUG] Обнаружено объектов: 5
[2026-04-07 23:16:39] [DEBUG] Обработка кадра размером 1920x1080
[2026-04-07 23:16:39] [DEBUG] Обнаружено объектов: 5
[2026-04-07 23:16:39] [DEBUG] Обработка кадра размером 1920x1080
[2026-04-07 23:16:39] [DEBUG] Обнаружено объектов: 5
[2026-04-07 23:16:39] [DEBUG] Обработка кадра размером 1920x1080
[2026-04-07 23:16:39] [DEBUG] Обнаружено объектов: 5
[2026-04-07 23:16:39] [DEBUG] Обработка кадра размером 1920x1080
[2026-04-07 23:16:39] [DEBUG] Обнаружено объектов: 5
[2026-04-07 23:16:39] [DEBUG] Обработка кадра размером 1920x1080
[2026-04-07 23:16:39] [DEBUG] Обнаружено объектов: 5
[2026-04-07 23:16:39] [DEBUG] Обработка кадра размером 1920x1080
[2026-04-07 23:16:39] [DEBUG] Обнаружено объектов: 5
[2026-04-07 23:16:40] [DEBUG] Обработка кадра размером 1920x1080
[2026-04-07 23:16:40] [DEBUG] Обнаружено объектов: 5
[2026-04-07 23:16:40] [DEBUG] Обработка кадра размером 1920x1080
[2026-04-07 23:16:40] [DEBUG] Обнаружено объектов: 5
[2026-04-07 23:16:40] [DEBUG] Обработка кадра размером 1920x1080
[2026-04-07 23:16:40] [DEBUG] Обнаружено объектов: 5
[2026-04-07 23:16:40] [DEBUG] Обработка кадра размером 1920x1080
[2026-04-07 23:16:40] [DEBUG] Обнаружено объектов: 5
[2026-04-07 23:16:40] [DEBUG] Обработка кадра размером 1920x1080
[2026-04-07 23:16:40] [DEBUG] Обнаружено объектов: 5
[2026-04-07 23:16:40] [DEBUG] Обработка кадра размером 1920x1080
[2026-04-07 23:16:40] [DEBUG] Обнаружено объектов: 5
[2026-04-07 23:16:40] [DEBUG] Обработка кадра размером 1920x1080
[2026-04-07 23:16:40] [DEBUG] Обнаружено объектов: 5
[2026-04-07 23:16:40] [DEBUG] Обработка кадра размером 1920x1080
[2026-04-07 23:16:40] [DEBUG] Обнаружено объектов: 5
[2026-04-07 23:16:40] [DEBUG] Обработка кадра размером 1920x1080
[2026-04-07 23:16:40] [DEBUG] Обнаружено объектов: 5
[2026-04-07 23:16:40] [DEBUG] Обработка кадра размером 1920x1080
[2026-04-07 23:16:40] [DEBUG] Обнаружено объектов: 5
[2026-04-07 23:16:40] [DEBUG] Обработка кадра размером 1920x1080
[2026-04-07 23:16:40] [DEBUG] Обнаружено объектов: 5
[2026-04-07 23:16:40] [DEBUG] Обработка кадра размером 1920x1080
[2026-04-07 23:16:40] [DEBUG] Обнаружено объектов: 5
[2026-04-07 23:16:40] [DEBUG] Обработка кадра размером 1920x1080
[2026-04-07 23:16:41] [DEBUG] Обнаружено объектов: 5
[2026-04-07 23:16:41] [DEBUG] Обработка кадра размером 1920x1080
[2026-04-07 23:16:41] [DEBUG] Обнаружено объектов: 5
[2026-04-07 23:16:41] [DEBUG] Обработка кадра размером 1920x1080
[2026-04-07 23:16:41] [DEBUG] Обнаружено объектов: 5
[2026-04-07 23:16:41] [DEBUG] Обработка кадра размером 1920x1080
[2026-04-07 23:16:41] [DEBUG] Обнаружено объектов: 5
[2026-04-07 23:16:41] [DEBUG] Обработка кадра размером 1920x1080
[2026-04-07 23:16:41] [DEBUG] Обнаружено объектов: 5
[2026-04-07 23:16:41] [DEBUG] Обработка кадра размером 1920x1080
[2026-04-07 23:16:41] [DEBUG] Обнаружено объектов: 5
[2026-04-07 23:16:41] [DEBUG] Обработка кадра размером 1920x1080
[2026-04-07 23:16:41] [DEBUG] Обнаружено объектов: 5
[2026-04-07 23:16:41] [DEBUG] Обработка кадра размером 1920x1080
[2026-04-07 23:16:41] [DEBUG] Обнаружено объектов: 5
[2026-04-07 23:16:41] [DEBUG] Обработка кадра размером 1920x1080
[2026-04-07 23:16:41] [DEBUG] Обнаружено объектов: 5
[2026-04-07 23:16:41] [DEBUG] Обработка кадра размером 1920x1080
[2026-04-07 23:16:41] [DEBUG] Обнаружено объектов: 5
[2026-04-07 23:16:41] [DEBUG] Обработка кадра размером 1920x1080
[2026-04-07 23:16:41] [DEBUG] Обнаружено объектов: 5
[2026-04-07 23:16:41] [DEBUG] Обработка кадра размером 1920x1080
[2026-04-07 23:16:41] [DEBUG] Обнаружено объектов: 5
[2026-04-07 23:16:41] [DEBUG] Обработка кадра размером 1920x1080
[2026-04-07 23:16:41] [DEBUG] Обнаружено объектов: 5
[2026-04-07 23:16:42] [DEBUG] Обработка кадра размером 1920x1080
[2026-04-07 23:16:42] [DEBUG] Обнаружено объектов: 6
[2026-04-07 23:16:42] [DEBUG] Обработка кадра размером 1920x1080
[2026-04-07 23:16:42] [DEBUG] Обнаружено объектов: 5
[2026-04-07 23:16:42] [DEBUG] Обработка кадра размером 1920x1080
[2026-04-07 23:16:42] [DEBUG] Обнаружено объектов: 6
[2026-04-07 23:16:42] [DEBUG] Обработка кадра размером 1920x1080
[2026-04-07 23:16:42] [DEBUG] Обнаружено объектов: 6
[2026-04-07 23:16:42] [DEBUG] Обработка кадра размером 1920x1080
[2026-04-07 23:16:42] [DEBUG] Обнаружено объектов: 5
[2026-04-07 23:16:42] [DEBUG] Обработка кадра размером 1920x1080
[2026-04-07 23:16:42] [DEBUG] Обнаружено объектов: 6
[2026-04-07 23:16:42] [DEBUG] Обработка кадра размером 1920x1080
[2026-04-07 23:16:42] [DEBUG] Обнаружено объектов: 6
[2026-04-07 23:16:42] [DEBUG] Обработка кадра размером 1920x1080
[2026-04-07 23:16:42] [DEBUG] Обнаружено объектов: 6
[2026-04-07 23:16:42] [DEBUG] Обработка кадра размером 1920x1080
[2026-04-07 23:16:42] [DEBUG] Обнаружено объектов: 6
[2026-04-07 23:16:42] [DEBUG] Обработка кадра размером 1920x1080
[2026-04-07 23:16:42] [DEBUG] Обнаружено объектов: 6
[2026-04-07 23:16:42] [DEBUG] Обработка кадра размером 1920x1080
[2026-04-07 23:16:42] [DEBUG] Обнаружено объектов: 6
[2026-04-07 23:16:42] [DEBUG] Обработка кадра размером 1920x1080
[2026-04-07 23:16:42] [DEBUG] Обнаружено объектов: 6
[2026-04-07 23:16:42] [DEBUG] Обработка кадра размером 1920x1080
[2026-04-07 23:16:43] [DEBUG] Обнаружено объектов: 6
[2026-04-07 23:16:43] [DEBUG] Обработка кадра размером 1920x1080
[2026-04-07 23:16:43] [DEBUG] Обнаружено объектов: 6
[2026-04-07 23:16:43] [DEBUG] Обработка кадра размером 1920x1080
[2026-04-07 23:16:43] [DEBUG] Обнаружено объектов: 6
[2026-04-07 23:16:43] [DEBUG] Обработка кадра размером 1920x1080
[2026-04-07 23:16:43] [DEBUG] Обнаружено объектов: 6
[2026-04-07 23:16:43] [DEBUG] Обработка кадра размером 1920x1080
[2026-04-07 23:16:43] [DEBUG] Обнаружено объектов: 6
[2026-04-07 23:16:43] [DEBUG] Обработка кадра размером 1920x1080
[2026-04-07 23:16:43] [DEBUG] Обнаружено объектов: 6
[2026-04-07 23:16:43] [DEBUG] Обработка кадра размером 1920x1080
[2026-04-07 23:16:43] [DEBUG] Обнаружено объектов: 6
[2026-04-07 23:16:43] [DEBUG] Обработка кадра размером 1920x1080
[2026-04-07 23:16:43] [DEBUG] Обнаружено объектов: 5
[2026-04-07 23:16:43] [DEBUG] Обработка кадра размером 1920x1080
[2026-04-07 23:16:43] [DEBUG] Обнаружено объектов: 5
[2026-04-07 23:16:43] [DEBUG] Обработка кадра размером 1920x1080
[2026-04-07 23:16:43] [DEBUG] Обнаружено объектов: 6
[2026-04-07 23:16:43] [DEBUG] Обработка кадра размером 1920x1080
[2026-04-07 23:16:43] [DEBUG] Обнаружено объектов: 6
[2026-04-07 23:16:43] [DEBUG] Обработка кадра размером 1920x1080
[2026-04-07 23:16:43] [DEBUG] Обнаружено объектов: 6
[2026-04-07 23:16:43] [DEBUG] Обработка кадра размером 1920x1080
[2026-04-07 23:16:44] [DEBUG] Обнаружено объектов: 6
[2026-04-07 23:16:44] [DEBUG] Обработка кадра размером 1920x1080
[2026-04-07 23:16:44] [DEBUG] Обнаружено объектов: 6
[2026-04-07 23:16:44] [DEBUG] Обработка кадра размером 1920x1080
[2026-04-07 23:16:44] [DEBUG] Обнаружено объектов: 6
[2026-04-07 23:16:44] [DEBUG] Обработка кадра размером 1920x1080
[2026-04-07 23:16:44] [DEBUG] Обнаружено объектов: 6
[2026-04-07 23:16:44] [DEBUG] Обработка кадра размером 1920x1080
[2026-04-07 23:16:44] [DEBUG] Обнаружено объектов: 6
[2026-04-07 23:16:44] [DEBUG] Обработка кадра размером 1920x1080
[2026-04-07 23:16:44] [DEBUG] Обнаружено объектов: 6
[2026-04-07 23:16:44] [DEBUG] Обработка кадра размером 1920x1080
[2026-04-07 23:16:44] [DEBUG] Обнаружено объектов: 6
[2026-04-07 23:16:44] [DEBUG] Обработка кадра размером 1920x1080
[2026-04-07 23:16:44] [DEBUG] Обнаружено объектов: 6
[2026-04-07 23:16:44] [DEBUG] Обработка кадра размером 1920x1080
[2026-04-07 23:16:44] [DEBUG] Обнаружено объектов: 6
[2026-04-07 23:16:44] [DEBUG] Обработка кадра размером 1920x1080
[2026-04-07 23:16:44] [DEBUG] Обнаружено объектов: 6
[2026-04-07 23:16:44] [DEBUG] Обработка кадра размером 1920x1080
[2026-04-07 23:16:44] [DEBUG] Обнаружено объектов: 6
[2026-04-07 23:16:44] [DEBUG] Обработка кадра размером 1920x1080
[2026-04-07 23:16:44] [DEBUG] Обнаружено объектов: 6
[2026-04-07 23:16:44] [DEBUG] Обработка кадра размером 1920x1080
[2026-04-07 23:16:44] [DEBUG] Обнаружено объектов: 6
[2026-04-07 23:16:45] [DEBUG] Обработка кадра размером 1920x1080
[2026-04-07 23:16:45] [DEBUG] Обнаружено объектов: 6
[2026-04-07 23:16:45] [DEBUG] Обработка кадра размером 1920x1080
[2026-04-07 23:16:45] [DEBUG] Обнаружено объектов: 6
[2026-04-07 23:16:45] [DEBUG] Обработка кадра размером 1920x1080
[2026-04-07 23:16:45] [DEBUG] Обнаружено объектов: 6
[2026-04-07 23:16:45] [INFO] Обработано кадров: 100/1252
[2026-04-07 23:16:45] [DEBUG] Обработка кадра размером 1920x1080
[2026-04-07 23:16:45] [DEBUG] Обнаружено объектов: 6
[2026-04-07 23:16:45] [DEBUG] Обработка кадра размером 1920x1080
[2026-04-07 23:16:45] [DEBUG] Обнаружено объектов: 5
[2026-04-07 23:16:45] [DEBUG] Обработка кадра размером 1920x1080
[2026-04-07 23:16:45] [DEBUG] Обнаружено объектов: 5
[2026-04-07 23:16:45] [DEBUG] Обработка кадра размером 1920x1080
[2026-04-07 23:16:45] [DEBUG] Обнаружено объектов: 5
[2026-04-07 23:16:45] [DEBUG] Обработка кадра размером 1920x1080
[2026-04-07 23:16:45] [DEBUG] Обнаружено объектов: 6
[2026-04-07 23:16:45] [DEBUG] Обработка кадра размером 1920x1080
[2026-04-07 23:16:45] [DEBUG] Обнаружено объектов: 5
[2026-04-07 23:16:45] [DEBUG] Обработка кадра размером 1920x1080
[2026-04-07 23:16:45] [DEBUG] Обнаружено объектов: 6
[2026-04-07 23:16:45] [DEBUG] Обработка кадра размером 1920x1080
[2026-04-07 23:16:45] [DEBUG] Обнаружено объектов: 5
[2026-04-07 23:16:45] [DEBUG] Обработка кадра размером 1920x1080
[2026-04-07 23:16:45] [DEBUG] Обнаружено объектов: 5
[2026-04-07 23:16:45] [DEBUG] Обработка кадра размером 1920x1080
[2026-04-07 23:16:46] [DEBUG] Обнаружено объектов: 6
[2026-04-07 23:16:46] [DEBUG] Обработка кадра размером 1920x1080
[2026-04-07 23:16:46] [DEBUG] Обнаружено объектов: 6
[2026-04-07 23:16:46] [DEBUG] Обработка кадра размером 1920x1080
[2026-04-07 23:16:46] [DEBUG] Обнаружено объектов: 4
[2026-04-07 23:16:46] [DEBUG] Обработка кадра размером 1920x1080
[2026-04-07 23:16:46] [DEBUG] Обнаружено объектов: 5
[2026-04-07 23:16:46] [DEBUG] Обработка кадра размером 1920x1080
[2026-04-07 23:16:46] [DEBUG] Обнаружено объектов: 5
[2026-04-07 23:16:46] [DEBUG] Обработка кадра размером 1920x1080
[2026-04-07 23:16:46] [DEBUG] Обнаружено объектов: 4
[2026-04-07 23:16:46] [DEBUG] Обработка кадра размером 1920x1080
[2026-04-07 23:16:46] [DEBUG] Обнаружено объектов: 4
[2026-04-07 23:16:46] [DEBUG] Обработка кадра размером 1920x1080
[2026-04-07 23:16:46] [DEBUG] Обнаружено объектов: 5
[2026-04-07 23:16:46] [DEBUG] Обработка кадра размером 1920x1080
[2026-04-07 23:16:46] [DEBUG] Обнаружено объектов: 4
[2026-04-07 23:16:46] [DEBUG] Обработка кадра размером 1920x1080
[2026-04-07 23:16:46] [DEBUG] Обнаружено объектов: 6
[2026-04-07 23:16:46] [DEBUG] Обработка кадра размером 1920x1080
[2026-04-07 23:16:46] [DEBUG] Обнаружено объектов: 5
[2026-04-07 23:16:46] [DEBUG] Обработка кадра размером 1920x1080
[2026-04-07 23:16:46] [DEBUG] Обнаружено объектов: 5
[2026-04-07 23:16:46] [DEBUG] Обработка кадра размером 1920x1080
[2026-04-07 23:16:46] [DEBUG] Обнаружено объектов: 5
[2026-04-07 23:16:47] [DEBUG] Обработка кадра размером 1920x1080
[2026-04-07 23:16:47] [DEBUG] Обнаружено объектов: 5
[2026-04-07 23:16:47] [DEBUG] Обработка кадра размером 1920x1080
[2026-04-07 23:16:47] [DEBUG] Обнаружено объектов: 5
[2026-04-07 23:16:47] [DEBUG] Обработка кадра размером 1920x1080
[2026-04-07 23:16:47] [DEBUG] Обнаружено объектов: 4
[2026-04-07 23:16:47] [DEBUG] Обработка кадра размером 1920x1080
[2026-04-07 23:16:47] [DEBUG] Обнаружено объектов: 4
[2026-04-07 23:16:47] [DEBUG] Обработка кадра размером 1920x1080
[2026-04-07 23:16:47] [DEBUG] Обнаружено объектов: 4
[2026-04-07 23:16:47] [DEBUG] Обработка кадра размером 1920x1080
[2026-04-07 23:16:47] [DEBUG] Обнаружено объектов: 6
[2026-04-07 23:16:47] [DEBUG] Обработка кадра размером 1920x1080
[2026-04-07 23:16:47] [DEBUG] Обнаружено объектов: 5
[2026-04-07 23:16:47] [DEBUG] Обработка кадра размером 1920x1080
[2026-04-07 23:16:47] [DEBUG] Обнаружено объектов: 5
[2026-04-07 23:16:47] [DEBUG] Обработка кадра размером 1920x1080
[2026-04-07 23:16:47] [DEBUG] Обнаружено объектов: 5
[2026-04-07 23:16:47] [DEBUG] Обработка кадра размером 1920x1080
[2026-04-07 23:16:47] [DEBUG] Обнаружено объектов: 6
[2026-04-07 23:16:47] [DEBUG] Обработка кадра размером 1920x1080
[2026-04-07 23:16:47] [DEBUG] Обнаружено объектов: 6
[2026-04-07 23:16:47] [DEBUG] Обработка кадра размером 1920x1080
[2026-04-07 23:16:47] [DEBUG] Обнаружено объектов: 6
[2026-04-07 23:16:47] [DEBUG] Обработка кадра размером 1920x1080
[2026-04-07 23:16:48] [DEBUG] Обнаружено объектов: 4
[2026-04-07 23:16:48] [DEBUG] Обработка кадра размером 1920x1080
[2026-04-07 23:16:48] [DEBUG] Обнаружено объектов: 4
[2026-04-07 23:16:48] [DEBUG] Обработка кадра размером 1920x1080
[2026-04-07 23:16:48] [DEBUG] Обнаружено объектов: 4
[2026-04-07 23:16:48] [DEBUG] Обработка кадра размером 1920x1080
[2026-04-07 23:16:48] [DEBUG] Обнаружено объектов: 3
[2026-04-07 23:16:48] [DEBUG] Обработка кадра размером 1920x1080
[2026-04-07 23:16:48] [DEBUG] Обнаружено объектов: 3
[2026-04-07 23:16:48] [DEBUG] Обработка кадра размером 1920x1080
[2026-04-07 23:16:48] [DEBUG] Обнаружено объектов: 2
[2026-04-07 23:16:48] [DEBUG] Обработка кадра размером 1920x1080
[2026-04-07 23:16:48] [DEBUG] Обнаружено объектов: 2
[2026-04-07 23:16:48] [DEBUG] Обработка кадра размером 1920x1080
[2026-04-07 23:16:48] [DEBUG] Обнаружено объектов: 3
[2026-04-07 23:16:48] [DEBUG] Обработка кадра размером 1920x1080
[2026-04-07 23:16:48] [DEBUG] Обнаружено объектов: 4
[2026-04-07 23:16:48] [DEBUG] Обработка кадра размером 1920x1080
[2026-04-07 23:16:48] [DEBUG] Обнаружено объектов: 2
[2026-04-07 23:16:48] [DEBUG] Обработка кадра размером 1920x1080
[2026-04-07 23:16:48] [DEBUG] Обнаружено объектов: 4
[2026-04-07 23:16:48] [DEBUG] Обработка кадра размером 1920x1080
[2026-04-07 23:16:48] [DEBUG] Обнаружено объектов: 4
[2026-04-07 23:16:48] [DEBUG] Обработка кадра размером 1920x1080
[2026-04-07 23:16:48] [DEBUG] Обнаружено объектов: 3
[2026-04-07 23:16:49] [DEBUG] Обработка кадра размером 1920x1080
[2026-04-07 23:16:49] [DEBUG] Обнаружено объектов: 3
[2026-04-07 23:16:49] [DEBUG] Обработка кадра размером 1920x1080
[2026-04-07 23:16:49] [DEBUG] Обнаружено объектов: 3
[2026-04-07 23:16:49] [DEBUG] Обработка кадра размером 1920x1080
[2026-04-07 23:16:49] [DEBUG] Обнаружено объектов: 5
[2026-04-07 23:16:49] [DEBUG] Обработка кадра размером 1920x1080
[2026-04-07 23:16:49] [DEBUG] Обнаружено объектов: 4
[2026-04-07 23:16:49] [DEBUG] Обработка кадра размером 1920x1080
[2026-04-07 23:16:49] [DEBUG] Обнаружено объектов: 5
[2026-04-07 23:16:49] [DEBUG] Обработка кадра размером 1920x1080
[2026-04-07 23:16:49] [DEBUG] Обнаружено объектов: 4
[2026-04-07 23:16:49] [DEBUG] Обработка кадра размером 1920x1080
[2026-04-07 23:16:49] [DEBUG] Обнаружено объектов: 4
[2026-04-07 23:16:49] [DEBUG] Обработка кадра размером 1920x1080
[2026-04-07 23:16:49] [DEBUG] Обнаружено объектов: 6
[2026-04-07 23:16:49] [DEBUG] Обработка кадра размером 1920x1080
[2026-04-07 23:16:49] [DEBUG] Обнаружено объектов: 5
[2026-04-07 23:16:49] [DEBUG] Обработка кадра размером 1920x1080
[2026-04-07 23:16:49] [DEBUG] Обнаружено объектов: 5
[2026-04-07 23:16:49] [DEBUG] Обработка кадра размером 1920x1080
[2026-04-07 23:16:49] [DEBUG] Обнаружено объектов: 5
[2026-04-07 23:16:49] [DEBUG] Обработка кадра размером 1920x1080
[2026-04-07 23:16:49] [DEBUG] Обнаружено объектов: 3
[2026-04-07 23:16:49] [DEBUG] Обработка кадра размером 1920x1080
[2026-04-07 23:16:49] [DEBUG] Обнаружено объектов: 4
[2026-04-07 23:16:50] [DEBUG] Обработка кадра размером 1920x1080
[2026-04-07 23:16:50] [DEBUG] Обнаружено объектов: 5
[2026-04-07 23:16:50] [DEBUG] Обработка кадра размером 1920x1080
[2026-04-07 23:16:50] [DEBUG] Обнаружено объектов: 5
[2026-04-07 23:16:50] [DEBUG] Обработка кадра размером 1920x1080
[2026-04-07 23:16:50] [DEBUG] Обнаружено объектов: 5
[2026-04-07 23:16:50] [DEBUG] Обработка кадра размером 1920x1080
[2026-04-07 23:16:50] [DEBUG] Обнаружено объектов: 5
[2026-04-07 23:16:50] [DEBUG] Обработка кадра размером 1920x1080
[2026-04-07 23:16:50] [DEBUG] Обнаружено объектов: 5
[2026-04-07 23:16:50] [DEBUG] Обработка кадра размером 1920x1080
[2026-04-07 23:16:50] [DEBUG] Обнаружено объектов: 5
[2026-04-07 23:16:50] [DEBUG] Обработка кадра размером 1920x1080
[2026-04-07 23:16:50] [DEBUG] Обнаружено объектов: 5
[2026-04-07 23:16:50] [DEBUG] Обработка кадра размером 1920x1080
[2026-04-07 23:16:50] [DEBUG] Обнаружено объектов: 5
[2026-04-07 23:16:50] [DEBUG] Обработка кадра размером 1920x1080
[2026-04-07 23:16:50] [DEBUG] Обнаружено объектов: 5
[2026-04-07 23:16:50] [DEBUG] Обработка кадра размером 1920x1080
[2026-04-07 23:16:50] [DEBUG] Обнаружено объектов: 6
[2026-04-07 23:16:50] [DEBUG] Обработка кадра размером 1920x1080
[2026-04-07 23:16:50] [DEBUG] Обнаружено объектов: 5
[2026-04-07 23:16:50] [DEBUG] Обработка кадра размером 1920x1080
[2026-04-07 23:16:50] [DEBUG] Обнаружено объектов: 5
[2026-04-07 23:16:51] [DEBUG] Обработка кадра размером 1920x1080
[2026-04-07 23:16:51] [DEBUG] Обнаружено объектов: 5
[2026-04-07 23:16:51] [DEBUG] Обработка кадра размером 1920x1080
[2026-04-07 23:16:51] [DEBUG] Обнаружено объектов: 5
[2026-04-07 23:16:51] [DEBUG] Обработка кадра размером 1920x1080
[2026-04-07 23:16:51] [DEBUG] Обнаружено объектов: 6
[2026-04-07 23:16:51] [DEBUG] Обработка кадра размером 1920x1080
[2026-04-07 23:16:51] [DEBUG] Обнаружено объектов: 6
[2026-04-07 23:16:51] [DEBUG] Обработка кадра размером 1920x1080
[2026-04-07 23:16:51] [DEBUG] Обнаружено объектов: 5
[2026-04-07 23:16:51] [DEBUG] Обработка кадра размером 1920x1080
[2026-04-07 23:16:51] [DEBUG] Обнаружено объектов: 6
[2026-04-07 23:16:51] [DEBUG] Обработка кадра размером 1920x1080
[2026-04-07 23:16:51] [DEBUG] Обнаружено объектов: 6
[2026-04-07 23:16:51] [DEBUG] Обработка кадра размером 1920x1080
[2026-04-07 23:16:51] [DEBUG] Обнаружено объектов: 5
[2026-04-07 23:16:51] [DEBUG] Обработка кадра размером 1920x1080
[2026-04-07 23:16:51] [DEBUG] Обнаружено объектов: 5
[2026-04-07 23:16:51] [DEBUG] Обработка кадра размером 1920x1080
[2026-04-07 23:16:51] [DEBUG] Обнаружено объектов: 5
[2026-04-07 23:16:51] [DEBUG] Обработка кадра размером 1920x1080
[2026-04-07 23:16:51] [DEBUG] Обнаружено объектов: 5
[2026-04-07 23:16:51] [DEBUG] Обработка кадра размером 1920x1080
[2026-04-07 23:16:51] [DEBUG] Обнаружено объектов: 5
[2026-04-07 23:16:51] [DEBUG] Обработка кадра размером 1920x1080
[2026-04-07 23:16:52] [DEBUG] Обнаружено объектов: 5
[2026-04-07 23:16:52] [DEBUG] Обработка кадра размером 1920x1080
[2026-04-07 23:16:52] [DEBUG] Обнаружено объектов: 5
[2026-04-07 23:16:52] [DEBUG] Обработка кадра размером 1920x1080
[2026-04-07 23:16:52] [DEBUG] Обнаружено объектов: 5
[2026-04-07 23:16:52] [DEBUG] Обработка кадра размером 1920x1080
[2026-04-07 23:16:52] [DEBUG] Обнаружено объектов: 6
[2026-04-07 23:16:52] [DEBUG] Обработка кадра размером 1920x1080
[2026-04-07 23:16:52] [DEBUG] Обнаружено объектов: 5
[2026-04-07 23:16:52] [DEBUG] Обработка кадра размером 1920x1080
[2026-04-07 23:16:52] [DEBUG] Обнаружено объектов: 5
[2026-04-07 23:16:52] [DEBUG] Обработка кадра размером 1920x1080
[2026-04-07 23:16:52] [DEBUG] Обнаружено объектов: 5
[2026-04-07 23:16:52] [DEBUG] Обработка кадра размером 1920x1080
[2026-04-07 23:16:52] [DEBUG] Обнаружено объектов: 5
[2026-04-07 23:16:52] [DEBUG] Обработка кадра размером 1920x1080
[2026-04-07 23:16:52] [DEBUG] Обнаружено объектов: 5
[2026-04-07 23:16:52] [DEBUG] Обработка кадра размером 1920x1080
[2026-04-07 23:16:52] [DEBUG] Обнаружено объектов: 5
[2026-04-07 23:16:53] [DEBUG] Обработка кадра размером 1920x1080
[2026-04-07 23:16:53] [DEBUG] Обнаружено объектов: 5
[2026-04-07 23:16:53] [DEBUG] Обработка кадра размером 1920x1080
[2026-04-07 23:16:53] [DEBUG] Обнаружено объектов: 5
[2026-04-07 23:16:53] [DEBUG] Обработка кадра размером 1920x1080
[2026-04-07 23:16:53] [DEBUG] Обнаружено объектов: 5
[2026-04-07 23:16:53] [DEBUG] Обработка кадра размером 1920x1080
[2026-04-07 23:16:53] [DEBUG] Обнаружено объектов: 5
[2026-04-07 23:16:53] [DEBUG] Обработка кадра размером 1920x1080
[2026-04-07 23:16:53] [DEBUG] Обнаружено объектов: 5
[2026-04-07 23:16:53] [DEBUG] Обработка кадра размером 1920x1080
[2026-04-07 23:16:53] [DEBUG] Обнаружено объектов: 5
[2026-04-07 23:16:53] [INFO] Обработано кадров: 200/1252
[2026-04-07 23:16:53] [DEBUG] Обработка кадра размером 1920x1080
[2026-04-07 23:16:53] [DEBUG] Обнаружено объектов: 5
[2026-04-07 23:16:54] [DEBUG] Обработка кадра размером 1920x1080
[2026-04-07 23:16:54] [DEBUG] Обнаружено объектов: 6
[2026-04-07 23:16:54] [DEBUG] Обработка кадра размером 1920x1080
[2026-04-07 23:16:54] [DEBUG] Обнаружено объектов: 6
[2026-04-07 23:16:54] [DEBUG] Обработка кадра размером 1920x1080
[2026-04-07 23:16:54] [DEBUG] Обнаружено объектов: 5
[2026-04-07 23:16:54] [DEBUG] Обработка кадра размером 1920x1080
[2026-04-07 23:16:54] [DEBUG] Обнаружено объектов: 5
[2026-04-07 23:16:54] [DEBUG] Обработка кадра размером 1920x1080
[2026-04-07 23:16:54] [DEBUG] Обнаружено объектов: 5
[2026-04-07 23:16:54] [DEBUG] Обработка кадра размером 1920x1080
[2026-04-07 23:16:54] [DEBUG] Обнаружено объектов: 5
[2026-04-07 23:16:54] [DEBUG] Обработка кадра размером 1920x1080
[2026-04-07 23:16:54] [DEBUG] Обнаружено объектов: 5
[2026-04-07 23:16:54] [DEBUG] Обработка кадра размером 1920x1080
[2026-04-07 23:16:54] [DEBUG] Обнаружено объектов: 5
[2026-04-07 23:16:54] [DEBUG] Обработка кадра размером 1920x1080
[2026-04-07 23:16:54] [DEBUG] Обнаружено объектов: 6
[2026-04-07 23:16:54] [DEBUG] Обработка кадра размером 1920x1080
[2026-04-07 23:16:54] [DEBUG] Обнаружено объектов: 5
[2026-04-07 23:16:54] [DEBUG] Обработка кадра размером 1920x1080
[2026-04-07 23:16:54] [DEBUG] Обнаружено объектов: 6
[2026-04-07 23:16:55] [DEBUG] Обработка кадра размером 1920x1080
[2026-04-07 23:16:55] [DEBUG] Обнаружено объектов: 5
[2026-04-07 23:16:55] [DEBUG] Обработка кадра размером 1920x1080
[2026-04-07 23:16:55] [DEBUG] Обнаружено объектов: 5
[2026-04-07 23:16:55] [DEBUG] Обработка кадра размером 1920x1080
[2026-04-07 23:16:55] [DEBUG] Обнаружено объектов: 5
[2026-04-07 23:16:55] [DEBUG] Обработка кадра размером 1920x1080
[2026-04-07 23:16:55] [DEBUG] Обнаружено объектов: 5
[2026-04-07 23:16:55] [DEBUG] Обработка кадра размером 1920x1080
[2026-04-07 23:16:55] [DEBUG] Обнаружено объектов: 5
[2026-04-07 23:16:55] [DEBUG] Обработка кадра размером 1920x1080
[2026-04-07 23:16:55] [DEBUG] Обнаружено объектов: 5
[2026-04-07 23:16:55] [DEBUG] Обработка кадра размером 1920x1080
[2026-04-07 23:16:55] [DEBUG] Обнаружено объектов: 5
[2026-04-07 23:16:55] [DEBUG] Обработка кадра размером 1920x1080
[2026-04-07 23:16:55] [DEBUG] Обнаружено объектов: 5
[2026-04-07 23:16:55] [DEBUG] Обработка кадра размером 1920x1080
[2026-04-07 23:16:55] [DEBUG] Обнаружено объектов: 4
[2026-04-07 23:16:55] [DEBUG] Обработка кадра размером 1920x1080
[2026-04-07 23:16:55] [DEBUG] Обнаружено объектов: 5
[2026-04-07 23:16:55] [DEBUG] Обработка кадра размером 1920x1080
[2026-04-07 23:16:55] [DEBUG] Обнаружено объектов: 4
[2026-04-07 23:16:56] [DEBUG] Обработка кадра размером 1920x1080
[2026-04-07 23:16:56] [DEBUG] Обнаружено объектов: 4
[2026-04-07 23:16:56] [DEBUG] Обработка кадра размером 1920x1080
[2026-04-07 23:16:56] [DEBUG] Обнаружено объектов: 5
[2026-04-07 23:16:56] [DEBUG] Обработка кадра размером 1920x1080
[2026-04-07 23:16:56] [DEBUG] Обнаружено объектов: 5
[2026-04-07 23:16:56] [DEBUG] Обработка кадра размером 1920x1080
[2026-04-07 23:16:56] [DEBUG] Обнаружено объектов: 5
[2026-04-07 23:16:56] [DEBUG] Обработка кадра размером 1920x1080
[2026-04-07 23:16:56] [DEBUG] Обнаружено объектов: 5
[2026-04-07 23:16:56] [DEBUG] Обработка кадра размером 1920x1080
[2026-04-07 23:16:56] [DEBUG] Обнаружено объектов: 5
[2026-04-07 23:16:56] [DEBUG] Обработка кадра размером 1920x1080
[2026-04-07 23:16:56] [DEBUG] Обнаружено объектов: 6
[2026-04-07 23:16:56] [DEBUG] Обработка кадра размером 1920x1080
[2026-04-07 23:16:56] [DEBUG] Обнаружено объектов: 6
[2026-04-07 23:16:56] [DEBUG] Обработка кадра размером 1920x1080
[2026-04-07 23:16:56] [DEBUG] Обнаружено объектов: 5
[2026-04-07 23:16:56] [DEBUG] Обработка кадра размером 1920x1080
[2026-04-07 23:16:56] [DEBUG] Обнаружено объектов: 5
[2026-04-07 23:16:56] [DEBUG] Обработка кадра размером 1920x1080
[2026-04-07 23:16:56] [DEBUG] Обнаружено объектов: 5
[2026-04-07 23:16:57] [DEBUG] Обработка кадра размером 1920x1080
[2026-04-07 23:16:57] [DEBUG] Обнаружено объектов: 5
[2026-04-07 23:16:57] [DEBUG] Обработка кадра размером 1920x1080
[2026-04-07 23:16:57] [DEBUG] Обнаружено объектов: 5
[2026-04-07 23:16:57] [DEBUG] Обработка кадра размером 1920x1080
[2026-04-07 23:16:57] [DEBUG] Обнаружено объектов: 5
[2026-04-07 23:16:57] [DEBUG] Обработка кадра размером 1920x1080
[2026-04-07 23:16:57] [DEBUG] Обнаружено объектов: 5
[2026-04-07 23:16:57] [DEBUG] Обработка кадра размером 1920x1080
[2026-04-07 23:16:57] [DEBUG] Обнаружено объектов: 5
[2026-04-07 23:16:57] [DEBUG] Обработка кадра размером 1920x1080
[2026-04-07 23:16:57] [DEBUG] Обнаружено объектов: 5
[2026-04-07 23:16:57] [DEBUG] Обработка кадра размером 1920x1080
[2026-04-07 23:16:57] [DEBUG] Обнаружено объектов: 5
[2026-04-07 23:16:57] [DEBUG] Обработка кадра размером 1920x1080
[2026-04-07 23:16:57] [DEBUG] Обнаружено объектов: 5
[2026-04-07 23:16:57] [DEBUG] Обработка кадра размером 1920x1080
[2026-04-07 23:16:57] [DEBUG] Обнаружено объектов: 4
[2026-04-07 23:16:57] [DEBUG] Обработка кадра размером 1920x1080
[2026-04-07 23:16:57] [DEBUG] Обнаружено объектов: 4
[2026-04-07 23:16:57] [DEBUG] Обработка кадра размером 1920x1080
[2026-04-07 23:16:57] [DEBUG] Обнаружено объектов: 5
[2026-04-07 23:16:58] [DEBUG] Обработка кадра размером 1920x1080
[2026-04-07 23:16:58] [DEBUG] Обнаружено объектов: 4
[2026-04-07 23:16:58] [DEBUG] Обработка кадра размером 1920x1080
[2026-04-07 23:16:58] [DEBUG] Обнаружено объектов: 5
[2026-04-07 23:16:58] [DEBUG] Обработка кадра размером 1920x1080
[2026-04-07 23:16:58] [DEBUG] Обнаружено объектов: 5
[2026-04-07 23:16:58] [DEBUG] Обработка кадра размером 1920x1080
[2026-04-07 23:16:58] [DEBUG] Обнаружено объектов: 5
[2026-04-07 23:16:58] [DEBUG] Обработка кадра размером 1920x1080
[2026-04-07 23:16:58] [DEBUG] Обнаружено объектов: 5
[2026-04-07 23:16:58] [DEBUG] Обработка кадра размером 1920x1080
[2026-04-07 23:16:58] [DEBUG] Обнаружено объектов: 5
[2026-04-07 23:16:58] [DEBUG] Обработка кадра размером 1920x1080
[2026-04-07 23:16:58] [DEBUG] Обнаружено объектов: 5
[2026-04-07 23:16:58] [DEBUG] Обработка кадра размером 1920x1080
[2026-04-07 23:16:58] [DEBUG] Обнаружено объектов: 5
[2026-04-07 23:16:58] [DEBUG] Обработка кадра размером 1920x1080
[2026-04-07 23:16:58] [DEBUG] Обнаружено объектов: 5
[2026-04-07 23:16:58] [DEBUG] Обработка кадра размером 1920x1080
[2026-04-07 23:16:58] [DEBUG] Обнаружено объектов: 4
[2026-04-07 23:16:58] [DEBUG] Обработка кадра размером 1920x1080
[2026-04-07 23:16:58] [DEBUG] Обнаружено объектов: 4
[2026-04-07 23:16:58] [DEBUG] Обработка кадра размером 1920x1080
[2026-04-07 23:16:58] [DEBUG] Обнаружено объектов: 4
[2026-04-07 23:16:58] [DEBUG] Обработка кадра размером 1920x1080
[2026-04-07 23:16:59] [DEBUG] Обнаружено объектов: 4
[2026-04-07 23:16:59] [DEBUG] Обработка кадра размером 1920x1080
[2026-04-07 23:16:59] [DEBUG] Обнаружено объектов: 4
[2026-04-07 23:16:59] [DEBUG] Обработка кадра размером 1920x1080
[2026-04-07 23:16:59] [DEBUG] Обнаружено объектов: 4
[2026-04-07 23:16:59] [DEBUG] Обработка кадра размером 1920x1080
[2026-04-07 23:16:59] [DEBUG] Обнаружено объектов: 4
[2026-04-07 23:16:59] [DEBUG] Обработка кадра размером 1920x1080
[2026-04-07 23:16:59] [DEBUG] Обнаружено объектов: 4
[2026-04-07 23:16:59] [DEBUG] Обработка кадра размером 1920x1080
[2026-04-07 23:16:59] [DEBUG] Обнаружено объектов: 4
[2026-04-07 23:16:59] [DEBUG] Обработка кадра размером 1920x1080
[2026-04-07 23:16:59] [DEBUG] Обнаружено объектов: 4
[2026-04-07 23:16:59] [DEBUG] Обработка кадра размером 1920x1080
[2026-04-07 23:16:59] [DEBUG] Обнаружено объектов: 4
[2026-04-07 23:16:59] [DEBUG] Обработка кадра размером 1920x1080
[2026-04-07 23:16:59] [DEBUG] Обнаружено объектов: 4
[2026-04-07 23:16:59] [DEBUG] Обработка кадра размером 1920x1080
[2026-04-07 23:16:59] [DEBUG] Обнаружено объектов: 4
[2026-04-07 23:16:59] [DEBUG] Обработка кадра размером 1920x1080
[2026-04-07 23:16:59] [DEBUG] Обнаружено объектов: 4
[2026-04-07 23:16:59] [DEBUG] Обработка кадра размером 1920x1080
[2026-04-07 23:16:59] [DEBUG] Обнаружено объектов: 4
[2026-04-07 23:16:59] [DEBUG] Обработка кадра размером 1920x1080
[2026-04-07 23:16:59] [DEBUG] Обнаружено объектов: 4
[2026-04-07 23:17:00] [DEBUG] Обработка кадра размером 1920x1080
[2026-04-07 23:17:00] [DEBUG] Обнаружено объектов: 5
[2026-04-07 23:17:00] [DEBUG] Обработка кадра размером 1920x1080
[2026-04-07 23:17:00] [DEBUG] Обнаружено объектов: 4
[2026-04-07 23:17:00] [DEBUG] Обработка кадра размером 1920x1080
[2026-04-07 23:17:00] [DEBUG] Обнаружено объектов: 4
[2026-04-07 23:17:00] [DEBUG] Обработка кадра размером 1920x1080
[2026-04-07 23:17:00] [DEBUG] Обнаружено объектов: 5
[2026-04-07 23:17:00] [DEBUG] Обработка кадра размером 1920x1080
[2026-04-07 23:17:00] [DEBUG] Обнаружено объектов: 4
[2026-04-07 23:17:00] [DEBUG] Обработка кадра размером 1920x1080
[2026-04-07 23:17:00] [DEBUG] Обнаружено объектов: 5
[2026-04-07 23:17:00] [DEBUG] Обработка кадра размером 1920x1080
[2026-04-07 23:17:00] [DEBUG] Обнаружено объектов: 4
[2026-04-07 23:17:00] [DEBUG] Обработка кадра размером 1920x1080
[2026-04-07 23:17:00] [DEBUG] Обнаружено объектов: 4
[2026-04-07 23:17:00] [DEBUG] Обработка кадра размером 1920x1080
[2026-04-07 23:17:00] [DEBUG] Обнаружено объектов: 4
[2026-04-07 23:17:00] [DEBUG] Обработка кадра размером 1920x1080
[2026-04-07 23:17:00] [DEBUG] Обнаружено объектов: 4
[2026-04-07 23:17:00] [DEBUG] Обработка кадра размером 1920x1080
[2026-04-07 23:17:00] [DEBUG] Обнаружено объектов: 4
[2026-04-07 23:17:00] [DEBUG] Обработка кадра размером 1920x1080
[2026-04-07 23:17:00] [DEBUG] Обнаружено объектов: 5
[2026-04-07 23:17:01] [DEBUG] Обработка кадра размером 1920x1080
[2026-04-07 23:17:01] [DEBUG] Обнаружено объектов: 5
[2026-04-07 23:17:01] [DEBUG] Обработка кадра размером 1920x1080
[2026-04-07 23:17:01] [DEBUG] Обнаружено объектов: 4
[2026-04-07 23:17:01] [DEBUG] Обработка кадра размером 1920x1080
[2026-04-07 23:17:01] [DEBUG] Обнаружено объектов: 4
[2026-04-07 23:17:01] [DEBUG] Обработка кадра размером 1920x1080
[2026-04-07 23:17:01] [DEBUG] Обнаружено объектов: 4
[2026-04-07 23:17:01] [DEBUG] Обработка кадра размером 1920x1080
[2026-04-07 23:17:01] [DEBUG] Обнаружено объектов: 5
[2026-04-07 23:17:01] [DEBUG] Обработка кадра размером 1920x1080
[2026-04-07 23:17:01] [DEBUG] Обнаружено объектов: 5
[2026-04-07 23:17:02] [DEBUG] Обработка кадра размером 1920x1080
[2026-04-07 23:17:02] [DEBUG] Обнаружено объектов: 5
[2026-04-07 23:17:02] [DEBUG] Обработка кадра размером 1920x1080
[2026-04-07 23:17:02] [DEBUG] Обнаружено объектов: 5
[2026-04-07 23:17:02] [DEBUG] Обработка кадра размером 1920x1080
[2026-04-07 23:17:02] [DEBUG] Обнаружено объектов: 5
[2026-04-07 23:17:02] [DEBUG] Обработка кадра размером 1920x1080
[2026-04-07 23:17:02] [DEBUG] Обнаружено объектов: 4
[2026-04-07 23:17:02] [DEBUG] Обработка кадра размером 1920x1080
[2026-04-07 23:17:02] [DEBUG] Обнаружено объектов: 4
[2026-04-07 23:17:02] [DEBUG] Обработка кадра размером 1920x1080
[2026-04-07 23:17:02] [DEBUG] Обнаружено объектов: 4
[2026-04-07 23:17:02] [DEBUG] Обработка кадра размером 1920x1080
[2026-04-07 23:17:02] [DEBUG] Обнаружено объектов: 5
[2026-04-07 23:17:02] [DEBUG] Обработка кадра размером 1920x1080
[2026-04-07 23:17:02] [DEBUG] Обнаружено объектов: 5
[2026-04-07 23:17:02] [DEBUG] Обработка кадра размером 1920x1080
[2026-04-07 23:17:02] [DEBUG] Обнаружено объектов: 4
[2026-04-07 23:17:02] [DEBUG] Обработка кадра размером 1920x1080
[2026-04-07 23:17:03] [DEBUG] Обнаружено объектов: 4
[2026-04-07 23:17:03] [DEBUG] Обработка кадра размером 1920x1080
[2026-04-07 23:17:03] [DEBUG] Обнаружено объектов: 4
[2026-04-07 23:17:03] [DEBUG] Обработка кадра размером 1920x1080
[2026-04-07 23:17:03] [DEBUG] Обнаружено объектов: 4
[2026-04-07 23:17:03] [INFO] Обработано кадров: 300/1252
[2026-04-07 23:17:03] [DEBUG] Обработка кадра размером 1920x1080
[2026-04-07 23:17:03] [DEBUG] Обнаружено объектов: 4
[2026-04-07 23:17:03] [DEBUG] Обработка кадра размером 1920x1080
[2026-04-07 23:17:03] [DEBUG] Обнаружено объектов: 4
[2026-04-07 23:17:03] [DEBUG] Обработка кадра размером 1920x1080
[2026-04-07 23:17:03] [DEBUG] Обнаружено объектов: 4
[2026-04-07 23:17:03] [DEBUG] Обработка кадра размером 1920x1080
[2026-04-07 23:17:03] [DEBUG] Обнаружено объектов: 4
[2026-04-07 23:17:03] [DEBUG] Обработка кадра размером 1920x1080
[2026-04-07 23:17:03] [DEBUG] Обнаружено объектов: 4
[2026-04-07 23:17:03] [DEBUG] Обработка кадра размером 1920x1080
[2026-04-07 23:17:03] [DEBUG] Обнаружено объектов: 4
[2026-04-07 23:17:03] [DEBUG] Обработка кадра размером 1920x1080
[2026-04-07 23:17:03] [DEBUG] Обнаружено объектов: 4
[2026-04-07 23:17:03] [DEBUG] Обработка кадра размером 1920x1080
[2026-04-07 23:17:04] [DEBUG] Обнаружено объектов: 3
[2026-04-07 23:17:04] [DEBUG] Обработка кадра размером 1920x1080
[2026-04-07 23:17:04] [DEBUG] Обнаружено объектов: 3
[2026-04-07 23:17:04] [DEBUG] Обработка кадра размером 1920x1080
[2026-04-07 23:17:04] [DEBUG] Обнаружено объектов: 4
[2026-04-07 23:17:04] [DEBUG] Обработка кадра размером 1920x1080
[2026-04-07 23:17:04] [DEBUG] Обнаружено объектов: 4
[2026-04-07 23:17:04] [DEBUG] Обработка кадра размером 1920x1080
[2026-04-07 23:17:04] [DEBUG] Обнаружено объектов: 5
[2026-04-07 23:17:04] [DEBUG] Обработка кадра размером 1920x1080
[2026-04-07 23:17:04] [DEBUG] Обнаружено объектов: 4
[2026-04-07 23:17:04] [DEBUG] Обработка кадра размером 1920x1080
[2026-04-07 23:17:04] [DEBUG] Обнаружено объектов: 4
[2026-04-07 23:17:04] [DEBUG] Обработка кадра размером 1920x1080
[2026-04-07 23:17:04] [DEBUG] Обнаружено объектов: 4
[2026-04-07 23:17:04] [DEBUG] Обработка кадра размером 1920x1080
[2026-04-07 23:17:04] [DEBUG] Обнаружено объектов: 4
[2026-04-07 23:17:04] [DEBUG] Обработка кадра размером 1920x1080
[2026-04-07 23:17:04] [DEBUG] Обнаружено объектов: 4
[2026-04-07 23:17:04] [DEBUG] Обработка кадра размером 1920x1080
[2026-04-07 23:17:05] [DEBUG] Обнаружено объектов: 4
[2026-04-07 23:17:05] [DEBUG] Обработка кадра размером 1920x1080
[2026-04-07 23:17:05] [DEBUG] Обнаружено объектов: 3
[2026-04-07 23:17:05] [DEBUG] Обработка кадра размером 1920x1080
[2026-04-07 23:17:05] [DEBUG] Обнаружено объектов: 4
[2026-04-07 23:17:05] [DEBUG] Обработка кадра размером 1920x1080
[2026-04-07 23:17:05] [DEBUG] Обнаружено объектов: 4
[2026-04-07 23:17:05] [DEBUG] Обработка кадра размером 1920x1080
[2026-04-07 23:17:05] [DEBUG] Обнаружено объектов: 3
[2026-04-07 23:17:05] [DEBUG] Обработка кадра размером 1920x1080
[2026-04-07 23:17:05] [DEBUG] Обнаружено объектов: 3
[2026-04-07 23:17:05] [DEBUG] Обработка кадра размером 1920x1080
[2026-04-07 23:17:05] [DEBUG] Обнаружено объектов: 3
[2026-04-07 23:17:05] [DEBUG] Обработка кадра размером 1920x1080
[2026-04-07 23:17:05] [DEBUG] Обнаружено объектов: 3
[2026-04-07 23:17:05] [DEBUG] Обработка кадра размером 1920x1080
[2026-04-07 23:17:05] [DEBUG] Обнаружено объектов: 3
[2026-04-07 23:17:05] [DEBUG] Обработка кадра размером 1920x1080
[2026-04-07 23:17:05] [DEBUG] Обнаружено объектов: 4
[2026-04-07 23:17:05] [DEBUG] Обработка кадра размером 1920x1080
[2026-04-07 23:17:05] [DEBUG] Обнаружено объектов: 4
[2026-04-07 23:17:05] [DEBUG] Обработка кадра размером 1920x1080
[2026-04-07 23:17:06] [DEBUG] Обнаружено объектов: 3
[2026-04-07 23:17:06] [DEBUG] Обработка кадра размером 1920x1080
[2026-04-07 23:17:06] [DEBUG] Обнаружено объектов: 4
[2026-04-07 23:17:06] [DEBUG] Обработка кадра размером 1920x1080
[2026-04-07 23:17:06] [DEBUG] Обнаружено объектов: 4
[2026-04-07 23:17:06] [DEBUG] Обработка кадра размером 1920x1080
[2026-04-07 23:17:06] [DEBUG] Обнаружено объектов: 4
[2026-04-07 23:17:06] [DEBUG] Обработка кадра размером 1920x1080
[2026-04-07 23:17:06] [DEBUG] Обнаружено объектов: 4
[2026-04-07 23:17:06] [DEBUG] Обработка кадра размером 1920x1080
[2026-04-07 23:17:06] [DEBUG] Обнаружено объектов: 3
[2026-04-07 23:17:06] [DEBUG] Обработка кадра размером 1920x1080
[2026-04-07 23:17:06] [DEBUG] Обнаружено объектов: 4
[2026-04-07 23:17:06] [DEBUG] Обработка кадра размером 1920x1080
[2026-04-07 23:17:06] [DEBUG] Обнаружено объектов: 3
[2026-04-07 23:17:06] [DEBUG] Обработка кадра размером 1920x1080
[2026-04-07 23:17:06] [DEBUG] Обнаружено объектов: 3
[2026-04-07 23:17:06] [DEBUG] Обработка кадра размером 1920x1080
[2026-04-07 23:17:07] [DEBUG] Обнаружено объектов: 4
[2026-04-07 23:17:07] [DEBUG] Обработка кадра размером 1920x1080
[2026-04-07 23:17:07] [DEBUG] Обнаружено объектов: 4
[2026-04-07 23:17:07] [DEBUG] Обработка кадра размером 1920x1080
[2026-04-07 23:17:07] [DEBUG] Обнаружено объектов: 4
[2026-04-07 23:17:07] [DEBUG] Обработка кадра размером 1920x1080
[2026-04-07 23:17:07] [DEBUG] Обнаружено объектов: 4
[2026-04-07 23:17:07] [DEBUG] Обработка кадра размером 1920x1080
[2026-04-07 23:17:07] [DEBUG] Обнаружено объектов: 4
[2026-04-07 23:17:07] [DEBUG] Обработка кадра размером 1920x1080
[2026-04-07 23:17:07] [DEBUG] Обнаружено объектов: 4
[2026-04-07 23:17:07] [DEBUG] Обработка кадра размером 1920x1080
[2026-04-07 23:17:07] [DEBUG] Обнаружено объектов: 4
[2026-04-07 23:17:07] [DEBUG] Обработка кадра размером 1920x1080
[2026-04-07 23:17:07] [DEBUG] Обнаружено объектов: 4
[2026-04-07 23:17:07] [DEBUG] Обработка кадра размером 1920x1080
[2026-04-07 23:17:07] [DEBUG] Обнаружено объектов: 4
[2026-04-07 23:17:07] [DEBUG] Обработка кадра размером 1920x1080
[2026-04-07 23:17:07] [DEBUG] Обнаружено объектов: 4
[2026-04-07 23:17:07] [DEBUG] Обработка кадра размером 1920x1080
[2026-04-07 23:17:07] [DEBUG] Обнаружено объектов: 4
[2026-04-07 23:17:07] [DEBUG] Обработка кадра размером 1920x1080
[2026-04-07 23:17:08] [DEBUG] Обнаружено объектов: 5
[2026-04-07 23:17:08] [DEBUG] Обработка кадра размером 1920x1080
[2026-04-07 23:17:08] [DEBUG] Обнаружено объектов: 4
[2026-04-07 23:17:08] [DEBUG] Обработка кадра размером 1920x1080
[2026-04-07 23:17:08] [DEBUG] Обнаружено объектов: 4
[2026-04-07 23:17:08] [DEBUG] Обработка кадра размером 1920x1080
[2026-04-07 23:17:08] [DEBUG] Обнаружено объектов: 4
[2026-04-07 23:17:08] [DEBUG] Обработка кадра размером 1920x1080
[2026-04-07 23:17:08] [DEBUG] Обнаружено объектов: 5
[2026-04-07 23:17:08] [DEBUG] Обработка кадра размером 1920x1080
[2026-04-07 23:17:08] [DEBUG] Обнаружено объектов: 3
[2026-04-07 23:17:08] [DEBUG] Обработка кадра размером 1920x1080
[2026-04-07 23:17:08] [DEBUG] Обнаружено объектов: 5
[2026-04-07 23:17:08] [DEBUG] Обработка кадра размером 1920x1080
[2026-04-07 23:17:08] [DEBUG] Обнаружено объектов: 5
[2026-04-07 23:17:08] [DEBUG] Обработка кадра размером 1920x1080
[2026-04-07 23:17:08] [DEBUG] Обнаружено объектов: 4
[2026-04-07 23:17:08] [DEBUG] Обработка кадра размером 1920x1080
[2026-04-07 23:17:08] [DEBUG] Обнаружено объектов: 4
[2026-04-07 23:17:08] [DEBUG] Обработка кадра размером 1920x1080
[2026-04-07 23:17:08] [DEBUG] Обнаружено объектов: 6
[2026-04-07 23:17:08] [DEBUG] Обработка кадра размером 1920x1080
[2026-04-07 23:17:09] [DEBUG] Обнаружено объектов: 5
[2026-04-07 23:17:09] [DEBUG] Обработка кадра размером 1920x1080
[2026-04-07 23:17:09] [DEBUG] Обнаружено объектов: 5
[2026-04-07 23:17:09] [DEBUG] Обработка кадра размером 1920x1080
[2026-04-07 23:17:09] [DEBUG] Обнаружено объектов: 6
[2026-04-07 23:17:09] [DEBUG] Обработка кадра размером 1920x1080
[2026-04-07 23:17:09] [DEBUG] Обнаружено объектов: 6
[2026-04-07 23:17:09] [DEBUG] Обработка кадра размером 1920x1080
[2026-04-07 23:17:09] [DEBUG] Обнаружено объектов: 5
[2026-04-07 23:17:09] [DEBUG] Обработка кадра размером 1920x1080
[2026-04-07 23:17:09] [DEBUG] Обнаружено объектов: 3
[2026-04-07 23:17:09] [DEBUG] Обработка кадра размером 1920x1080
[2026-04-07 23:17:09] [DEBUG] Обнаружено объектов: 4
[2026-04-07 23:17:09] [DEBUG] Обработка кадра размером 1920x1080
[2026-04-07 23:17:09] [DEBUG] Обнаружено объектов: 4
[2026-04-07 23:17:09] [DEBUG] Обработка кадра размером 1920x1080
[2026-04-07 23:17:09] [DEBUG] Обнаружено объектов: 5
[2026-04-07 23:17:09] [DEBUG] Обработка кадра размером 1920x1080
[2026-04-07 23:17:09] [DEBUG] Обнаружено объектов: 4
[2026-04-07 23:17:09] [DEBUG] Обработка кадра размером 1920x1080
[2026-04-07 23:17:09] [DEBUG] Обнаружено объектов: 4
[2026-04-07 23:17:09] [DEBUG] Обработка кадра размером 1920x1080
[2026-04-07 23:17:09] [DEBUG] Обнаружено объектов: 4
[2026-04-07 23:17:10] [DEBUG] Обработка кадра размером 1920x1080
[2026-04-07 23:17:10] [DEBUG] Обнаружено объектов: 4
[2026-04-07 23:17:10] [DEBUG] Обработка кадра размером 1920x1080
[2026-04-07 23:17:10] [DEBUG] Обнаружено объектов: 4
[2026-04-07 23:17:10] [DEBUG] Обработка кадра размером 1920x1080
[2026-04-07 23:17:10] [DEBUG] Обнаружено объектов: 4
[2026-04-07 23:17:10] [DEBUG] Обработка кадра размером 1920x1080
[2026-04-07 23:17:10] [DEBUG] Обнаружено объектов: 4
[2026-04-07 23:17:10] [DEBUG] Обработка кадра размером 1920x1080
[2026-04-07 23:17:10] [DEBUG] Обнаружено объектов: 5
[2026-04-07 23:17:10] [DEBUG] Обработка кадра размером 1920x1080
[2026-04-07 23:17:10] [DEBUG] Обнаружено объектов: 5
[2026-04-07 23:17:10] [DEBUG] Обработка кадра размером 1920x1080
[2026-04-07 23:17:10] [DEBUG] Обнаружено объектов: 4
[2026-04-07 23:17:10] [DEBUG] Обработка кадра размером 1920x1080
[2026-04-07 23:17:10] [DEBUG] Обнаружено объектов: 4
[2026-04-07 23:17:10] [DEBUG] Обработка кадра размером 1920x1080
[2026-04-07 23:17:10] [DEBUG] Обнаружено объектов: 4
[2026-04-07 23:17:10] [DEBUG] Обработка кадра размером 1920x1080
[2026-04-07 23:17:10] [DEBUG] Обнаружено объектов: 5
[2026-04-07 23:17:10] [DEBUG] Обработка кадра размером 1920x1080
[2026-04-07 23:17:10] [DEBUG] Обнаружено объектов: 4
[2026-04-07 23:17:10] [DEBUG] Обработка кадра размером 1920x1080
[2026-04-07 23:17:10] [DEBUG] Обнаружено объектов: 4
[2026-04-07 23:17:11] [DEBUG] Обработка кадра размером 1920x1080
[2026-04-07 23:17:11] [DEBUG] Обнаружено объектов: 4
[2026-04-07 23:17:11] [DEBUG] Обработка кадра размером 1920x1080
[2026-04-07 23:17:11] [DEBUG] Обнаружено объектов: 4
[2026-04-07 23:17:11] [DEBUG] Обработка кадра размером 1920x1080
[2026-04-07 23:17:11] [DEBUG] Обнаружено объектов: 5
[2026-04-07 23:17:11] [DEBUG] Обработка кадра размером 1920x1080
[2026-04-07 23:17:11] [DEBUG] Обнаружено объектов: 4
[2026-04-07 23:17:11] [DEBUG] Обработка кадра размером 1920x1080
[2026-04-07 23:17:11] [DEBUG] Обнаружено объектов: 4
[2026-04-07 23:17:11] [DEBUG] Обработка кадра размером 1920x1080
[2026-04-07 23:17:11] [DEBUG] Обнаружено объектов: 4
[2026-04-07 23:17:11] [DEBUG] Обработка кадра размером 1920x1080
[2026-04-07 23:17:11] [DEBUG] Обнаружено объектов: 4
[2026-04-07 23:17:11] [DEBUG] Обработка кадра размером 1920x1080
[2026-04-07 23:17:11] [DEBUG] Обнаружено объектов: 4
[2026-04-07 23:17:11] [DEBUG] Обработка кадра размером 1920x1080
[2026-04-07 23:17:11] [DEBUG] Обнаружено объектов: 4
[2026-04-07 23:17:11] [DEBUG] Обработка кадра размером 1920x1080
[2026-04-07 23:17:11] [DEBUG] Обнаружено объектов: 4
[2026-04-07 23:17:11] [DEBUG] Обработка кадра размером 1920x1080
[2026-04-07 23:17:11] [DEBUG] Обнаружено объектов: 5
[2026-04-07 23:17:11] [DEBUG] Обработка кадра размером 1920x1080
[2026-04-07 23:17:11] [DEBUG] Обнаружено объектов: 4
[2026-04-07 23:17:11] [DEBUG] Обработка кадра размером 1920x1080
[2026-04-07 23:17:12] [DEBUG] Обнаружено объектов: 4
[2026-04-07 23:17:12] [DEBUG] Обработка кадра размером 1920x1080
[2026-04-07 23:17:12] [DEBUG] Обнаружено объектов: 4
[2026-04-07 23:17:12] [DEBUG] Обработка кадра размером 1920x1080
[2026-04-07 23:17:12] [DEBUG] Обнаружено объектов: 4
[2026-04-07 23:17:12] [DEBUG] Обработка кадра размером 1920x1080
[2026-04-07 23:17:12] [DEBUG] Обнаружено объектов: 4
[2026-04-07 23:17:12] [DEBUG] Обработка кадра размером 1920x1080
[2026-04-07 23:17:12] [DEBUG] Обнаружено объектов: 4
[2026-04-07 23:17:12] [INFO] Обработано кадров: 400/1252
[2026-04-07 23:17:12] [DEBUG] Обработка кадра размером 1920x1080
[2026-04-07 23:17:12] [DEBUG] Обнаружено объектов: 4
[2026-04-07 23:17:12] [DEBUG] Обработка кадра размером 1920x1080
[2026-04-07 23:17:12] [DEBUG] Обнаружено объектов: 4
[2026-04-07 23:17:12] [DEBUG] Обработка кадра размером 1920x1080
[2026-04-07 23:17:12] [DEBUG] Обнаружено объектов: 5
[2026-04-07 23:17:12] [DEBUG] Обработка кадра размером 1920x1080
[2026-04-07 23:17:12] [DEBUG] Обнаружено объектов: 5
[2026-04-07 23:17:12] [DEBUG] Обработка кадра размером 1920x1080
[2026-04-07 23:17:12] [DEBUG] Обнаружено объектов: 4
[2026-04-07 23:17:12] [DEBUG] Обработка кадра размером 1920x1080
[2026-04-07 23:17:12] [DEBUG] Обнаружено объектов: 4
[2026-04-07 23:17:12] [DEBUG] Обработка кадра размером 1920x1080
[2026-04-07 23:17:12] [DEBUG] Обнаружено объектов: 4
[2026-04-07 23:17:12] [DEBUG] Обработка кадра размером 1920x1080
[2026-04-07 23:17:12] [INFO] Обработка прервана пользователем (Ctrl+C)
[2026-04-07 23:17:12] [INFO] Готово! Обработано 408 кадров, обнаружено 1899 номерных знаков. Результат сохранён: result.mp4
[2026-04-07 23:17:51] [INFO] ============================================================
[2026-04-07 23:17:51] [INFO] Запуск License Plate Detector
[2026-04-07 23:17:51] [INFO] ============================================================
[2026-04-07 23:17:51] [INFO] Режим работы: CAMERA
[2026-04-07 23:17:51] [INFO] Веса модели: runs/detect/train/weights/best.pt
[2026-04-07 23:17:51] [INFO] Порог уверенности: 0.4
[2026-04-07 23:17:51] [INFO] Устройство: cpu
[2026-04-07 23:17:51] [INFO] Инициализация модели. Веса: runs/detect/train/weights/best.pt, устройство: cpu
[2026-04-07 23:17:51] [WARNING] Файл весов 'runs/detect/train/weights/best.pt' не найден. Загружаем базовую YOLOv8n...
[2026-04-07 23:17:51] [INFO] Модель успешно загружена.
[2026-04-07 23:17:51] [INFO] Открываем камеру с ID: 0
[2026-04-07 23:17:51] [ERROR] Не удалось открыть камеру с ID 0
[2026-04-08 00:33:26] [INFO] Начинаем обучение модели: yolov8n.pt
[2026-04-08 00:33:26] [INFO] Датасет: data/dataset.yaml
[2026-04-08 00:33:26] [INFO] Эпох: 50, батч: 8, imgsz: 640
[2026-04-08 00:33:26] [INFO] Запуск обучения...
[2026-04-08 00:34:35] [INFO] Начинаем обучение модели: yolov8n.pt
[2026-04-08 00:34:35] [INFO] Датасет: data/dataset.yaml
[2026-04-08 00:34:35] [INFO] Эпох: 50, батч: 8, imgsz: 640
[2026-04-08 00:34:35] [INFO] Запуск обучения...
[2026-04-08 00:55:10] [INFO] Обучение завершено!
[2026-04-08 00:55:10] [INFO] Запускаем валидацию финальной модели...
[2026-04-08 00:55:10] [WARNING] Файл best.pt не найден — возможно обучение было прервано
[2026-04-08 17:11:33] [INFO] Начинаем обучение модели: yolov8n.pt
[2026-04-08 17:11:33] [INFO] Датасет: data/dataset.yaml
[2026-04-08 17:11:33] [INFO] Эпох: 50, батч: 8, imgsz: 640
[2026-04-08 17:11:33] [INFO] Запуск обучения...
[2026-04-08 17:16:17] [INFO] Обучение завершено!
[2026-04-08 17:16:17] [INFO] Запускаем валидацию финальной модели...
[2026-04-08 17:16:17] [WARNING] Файл best.pt не найден — возможно обучение было прервано
[2026-04-08 17:40:28] [INFO] Начинаем обучение модели: yolov8n.pt
[2026-04-08 17:40:28] [INFO] Датасет: License-Plate-Recognition-4/data.yaml
[2026-04-08 17:40:28] [INFO] Эпох: 50, батч: 8, imgsz: 640
[2026-04-08 17:40:28] [INFO] Запуск обучения...
[2026-04-08 17:41:57] [INFO] Начинаем обучение модели: yolov8n.pt
[2026-04-08 17:41:57] [INFO] Датасет: License-Plate-Recognition-4/data.yaml
[2026-04-08 17:41:57] [INFO] Эпох: 50, батч: 8, imgsz: 640
[2026-04-08 17:41:57] [INFO] Запуск обучения...
[2026-04-09 19:41:03] [INFO] Начинаем обучение модели: yolov8n.pt
[2026-04-09 19:41:03] [INFO] Датасет: License-Plate-Recognition-4/data.yaml
[2026-04-09 19:41:03] [INFO] Эпох: 50, батч: 8, imgsz: 640
[2026-04-09 19:41:03] [INFO] Запуск обучения...
